<?xml version="1.0" encoding="UTF-8"?>
<!-- Generated by org.testng.reporters.JUnitReportReporter -->
<testsuite hostname="DESKTOP-C5NNEHG" failures="0" tests="1" name="TestCases.HomePageTesting" time="21.988" errors="0" timestamp="2022-04-10T12:46:11 IST" skipped="0">
  <testcase classname="TestCases.HomePageTesting" name="searchAnItem" time="21.988"/>
  <system-out/>
</testsuite> <!-- TestCases.HomePageTesting -->
