<?xml version="1.0" encoding="UTF-8"?>
<!-- Generated by org.testng.reporters.JUnitReportReporter -->
<testsuite hostname="DESKTOP-C5NNEHG" failures="0" tests="1" name="TestCases.orderpageTestCase" time="20.443" errors="0" timestamp="2022-04-10T08:23:35 IST" skipped="0">
  <testcase classname="TestCases.orderpageTestCase" name="clickOnOrderLink" time="20.443"/>
  <system-out/>
</testsuite> <!-- TestCases.orderpageTestCase -->
