<?xml version="1.0" encoding="UTF-8"?>
<!-- Generated by org.testng.reporters.JUnitReportReporter -->
<testsuite hostname="DESKTOP-C5NNEHG" failures="0" tests="1" name="TestCases.AmazonPayPageTestCase" time="14.615" errors="0" timestamp="2022-04-10T12:35:02 IST" skipped="0">
  <testcase classname="TestCases.AmazonPayPageTestCase" name="allPreviousTransactions" time="14.615"/>
  <system-out/>
</testsuite> <!-- TestCases.AmazonPayPageTestCase -->
